<?xml version="1.0" encoding="UTF-8"?>
<!-- Generated by org.testng.reporters.JUnitReportReporter -->
<testsuite skipped="0" hostname="rs-MAC13.local" name="com.companyname.projectname.testscripts.TC001_testLogin" tests="1" failures="0" timestamp="25 Apr 2018 07:32:40 GMT" time="7.482" errors="0">
  <testcase name="testlogin" time="7.482" classname="com.companyname.projectname.testscripts.TC001_testLogin"/>
</testsuite> <!-- com.companyname.projectname.testscripts.TC001_testLogin -->
